0:100  0:100  MemLog inited, TSC freq: 3192602979
0:100  0:000  CPU was calibrated with ACPI PM Timer
0:100  0:000  
0:100  0:000  Now is 16.3.2018,  2:29:46 (GMT)
0:100  0:000  Starting Clover revision: 4411 on American Megatrends EFI
0:100  0:000  Build with: [Args: -D NO_GRUB_DRIVERS_EMBEDDED -t XCODE8 | -D NO_GRUB_DRIVERS_EMBEDDED -D USE_LOW_EBDA -a X64 -b RELEASE -t XCODE8 -n 5 | OS: 10.12.6 | XCODE: 9.2]
0:100  0:000  SelfDevicePath=PciRoot(0x0)\Pci(0x1F,0x2)\Sata(0x3,0xFFFF,0x0)\HD(1,GPT,3B85B032-CDE4-47F2-8310-9D52F96997B1,0x28,0x64000) @D1D7FA18
0:100  0:000  SelfDirPath = \EFI\BOOT
0:100  0:000  === [ Get Smbios ] ========================================
0:100  0:000  Type 16 Index = 0
0:100  0:000  Total Memory Slots Count = 4
0:100  0:000  Type 17 Index = 0
0:100  0:000  SmbiosTable.Type17->Speed = 1333MHz
0:100  0:000  SmbiosTable.Type17->Size = 4096MB
0:100  0:000  SmbiosTable.Type17->Bank/Device = BANK 0 ChannelA-DIMM0
0:100  0:000  SmbiosTable.Type17->Vendor = 1311
0:100  0:000  SmbiosTable.Type17->SerialNumber = D92C223D
0:100  0:000  SmbiosTable.Type17->PartNumber = M2F4G64CB8HG4N-CG 
0:100  0:000  Type 17 Index = 1
0:100  0:000  SmbiosTable.Type17->Speed = 1600MHz
0:100  0:000  SmbiosTable.Type17->Size = 4096MB
0:100  0:000  SmbiosTable.Type17->Bank/Device = BANK 1 ChannelA-DIMM1
0:100  0:000  SmbiosTable.Type17->Vendor = 0423
0:100  0:000  SmbiosTable.Type17->SerialNumber = 00000000
0:100  0:000  SmbiosTable.Type17->PartNumber = Team-Elite-1600   
0:100  0:000  Type 17 Index = 2
0:100  0:000  Ignoring insane frequency value 0MHz
0:100  0:000  SmbiosTable.Type17->Speed = 0MHz
0:100  0:000  SmbiosTable.Type17->Size = 0MB
0:100  0:000  SmbiosTable.Type17->Bank/Device = BANK 2 ChannelB-DIMM0
0:100  0:000  SmbiosTable.Type17->Vendor = <null string>
0:100  0:000  SmbiosTable.Type17->SerialNumber = <null string>
0:100  0:000  SmbiosTable.Type17->PartNumber = <null string>
0:100  0:000  Type 17 Index = 3
0:100  0:000  Ignoring insane frequency value 0MHz
0:100  0:000  SmbiosTable.Type17->Speed = 0MHz
0:100  0:000  SmbiosTable.Type17->Size = 0MB
0:100  0:000  SmbiosTable.Type17->Bank/Device = BANK 3 ChannelB-DIMM1
0:100  0:000  SmbiosTable.Type17->Vendor = <null string>
0:100  0:000  SmbiosTable.Type17->SerialNumber = <null string>
0:100  0:000  SmbiosTable.Type17->PartNumber = <null string>
0:100  0:000  Boot status=0
0:100  0:000  Running on: 'All Series' with board 'B85M-G'
0:100  0:000  === [ GetCPUProperties ] ==================================
0:100  0:000  CPU Vendor = 756E6547 Model=306C3
0:100  0:000   The CPU supported SSE4.1
0:100  0:000  BrandString = Intel(R) Core(TM) i5-4570 CPU @ 3.20GHz
0:100  0:000   The CPU supported turbo
0:100  0:000  MSR 0x35               40004
0:100  0:000  MSR 0xE2 before patch 1E000400
0:100  0:000  MSR 0xCE              00080838_F3012000
0:100  0:000  corrected FLEX_RATIO = 0
0:100  0:000  MSR 0x1B0             00000000
0:100  0:000  FSBFrequency = 100 MHz, DMI FSBFrequency = 100 MHz, Corrected FSBFrequency = 100 MHz
0:100  0:000  MaxDiv/MinDiv: 32.0/8
0:100  0:000  Turbo: 34/35/36/36
0:100  0:000  Features: 0xBFEBFBFF
0:100  0:000  Threads: 4
0:100  0:000  Cores: 4
0:100  0:000  FSB: 100 MHz
0:100  0:000  CPU: 3200 MHz
0:100  0:000  TSC: 3200 MHz
0:100  0:000  PIS: 100 MHz
0:100  0:000  ExternalClock: 25 MHz
0:100  0:000  === [ GetDevices ] ========================================
0:100  0:000  PCI (00|00:00.00) : 8086 0C00 class=060000
0:100  0:000  PCI (00|00:01.00) : 8086 0C01 class=060400
0:100  0:000  PCI (00|01:00.00) : 10DE 0FC6 class=030000
0:100  0:000   - GFX: Model=Colorful GeForce GTX 650 family E7 (Nvidia)
0:100  0:000  PCI (00|01:00.01) : 10DE 0E1B class=040300
0:100  0:000   - HDMI Audio: 
0:100  0:000  PCI (00|00:14.00) : 8086 8C31 class=0C0330
0:100  0:000  PCI (00|00:16.00) : 8086 8C3A class=078000
0:100  0:000  PCI (00|00:16.01) : FFFF FFFF class=FFFFFF
0:100  0:000  PCI (00|00:1A.00) : 8086 8C2D class=0C0320
0:100  0:000  PCI (00|00:1B.00) : 8086 8C20 class=040300
0:100  0:000  PCI (00|00:1C.00) : 8086 8C10 class=060400
0:100  0:000  PCI (00|00:1C.01) : 8086 8C12 class=060400
0:100  0:000  PCI (00|03:00.00) : 168C 002A class=028000
0:100  0:000   - WIFI: Vendor=Atheros
0:100  0:000  PCI (00|00:1C.02) : 8086 8C14 class=060400
0:100  0:000  PCI (00|04:00.00) : 10EC 8168 class=020000
0:100  0:000   - LAN: 0 Vendor=Realtek
0:100  0:000  PCI (00|00:1D.00) : 8086 8C26 class=0C0320
0:100  0:000  PCI (00|00:1F.00) : 8086 8C50 class=060100
0:100  0:000  PCI (00|00:1F.02) : 8086 8C02 class=010601
0:100  0:000  PCI (00|00:1F.03) : 8086 8C22 class=0C0500
0:100  0:000  PCI (00|00:1F.06) : FFFF FFFF class=FFFFFF
0:100  0:000  === [ GetDefaultSettings ] ================================
0:100  0:000  Clover load options size = 0 bytes
0:104  0:003  EFI\CLOVER\config.plist loaded: Success
0:104  0:000  === [ GetListOfThemes ] ===================================
0:105  0:001  - [00]: BootCamp
0:108  0:002  - [01]: EMBEDDED
0:109  0:001  - [01]: RANDOM
0:110  0:001  === [ Found config plists ] ===============================
0:110  0:000  - config.plist
0:110  0:000  === [ GetEarlyUserSettings ] ==============================
0:110  0:000  timeout set to 5
0:110  0:000  Custom boot CUSTOM_BOOT_DISABLED (0x0)
0:110  0:000  Default theme: BootCamp
0:110  0:000  Hiding entries with string \EFI\BOOT\BOOTX64.EFI
0:110  0:000  Hiding entries with string Windows
0:110  0:000  === [ LoadDrivers ] =======================================
0:113  0:003  Loading AppleImageCodec-64.efi  status=Success
0:114  0:001  Loading AppleKeyAggregator-64.efi  status=Success
0:115  0:000  Loading AppleUITheme-64.efi  status=Success
0:116  0:000  Loading DataHubDxe-64.efi  status=Success
0:123  0:006  Loading FirmwareVolume-64.efi  status=Success
0:123  0:000  Loading FSInject-64.efi  status=Success
0:124  0:000  Loading SMCHelper-64.efi  status=Success
0:124  0:000  Loading HFSPlus.efi  status=Success
0:125  0:001   - driver needs connecting
0:125  0:000  Loading OsxAptioFix2Drv-64.efi  status=Success
0:127  0:001  1 drivers needs connecting ...
0:127  0:000  PlatformDriverOverrideProtocol->GetDriver overriden
0:127  0:000  HFS+ driver loaded
0:127  0:000  Searching for invalid DiskIo BY_DRIVER connects:
0:127  0:000   - Handle D1D1D798 with DiskIo, is Partition, no Fs, BY_DRIVER Agent: D1E12A98, Disconnect: Success
0:336  0:208  === [ InitScreen ] ========================================
0:336  0:000  SetMaxResolution: found best mode 4: 1920x1080
0:336  0:000   - already set
0:336  0:000  Console modes reported: 4, available modes:
0:336  0:000   - [01]: 80x25 (current mode)
0:336  0:000   - [02]: 80x50
0:336  0:000   - [03]: 100x31
0:336  0:000   - [04]: 240x56
1:647  1:310  reinit: self device path=PciRoot(0x0)\Pci(0x1F,0x2)\Sata(0x3,0xFFFF,0x0)\HD(1,GPT,3B85B032-CDE4-47F2-8310-9D52F96997B1,0x28,0x64000)
1:647  0:000  === [ GetMacAddress ] =====================================
1:647  0:000  === [ ScanSPD ] ===========================================
1:647  0:000  SMBus device : 8086 8C22 class=0C0500 status=Success
1:647  0:000  SMBus CmdReg: 0x3
1:647  0:000  Scanning SMBus [8086:8C22], mmio: 0xF7315004, ioport: 0xF000, hostc: 0x1
1:647  0:000  Slots to scan [8]...
1:647  0:000  SPD[0]: Type 11 @0x50
1:665  0:017  DDR speed 1333MHz
1:665  0:000  Slot: 0 Type 24 4096MB 1333MHz Vendor=Nanya Technology PartNo=M2F4G64CB8HG4N-CG SerialNo=0D09020C0202030D
1:666  0:000  SPD[1]: Type 11 @0x51
1:683  0:017  DDR speed 1600MHz
1:683  0:000  Slot: 1 Type 24 4096MB 1600MHz Vendor=Team Group PartNo=Team-Elite-1600 SerialNo=0000000000000000
1:684  0:000  === [ GetAcpiTablesList ] =================================
1:684  0:000  Get Acpi Tables List from RSDT:
1:684  0:000   - [00]: FACP  A M I len=132
1:684  0:000   - [01]: APIC  A M I len=114
1:684  0:000   - [02]: FPDT  A M I len=68
1:684  0:000   - [03]: LPIT  A M I len=92
1:684  0:000   - [04]: SSDT  Cpu0Ist len=1337
1:684  0:000   - [05]: SSDT  CpuPm len=2776
1:684  0:000   - [06]: MCFG  A M I len=60
1:684  0:000   - [07]: HPET  A M I len=56
1:684  0:000   - [08]: SSDT  SataTabl len=877
1:684  0:000   - [09]: SSDT  SaSsdt  len=13537
1:684  0:000   - [10]: BGRT  A M I len=56
1:684  0:000  Calibrated TSC Frequency = 3192602979 = 3192MHz
1:684  0:000  === [ GetUserSettings ] ===================================
1:684  0:000  USB FixOwnership: no
1:684  0:000   - final DSDT Fix mask=10000000
1:684  0:000  Using ProductName from config: iMac14,1
1:684  0:000  Using latest BiosVersion from clover
1:684  0:000  BiosVersion: IM141.88Z.0123.B00.1708211404
1:684  0:000  BiosReleaseDate: 08/21/2017
1:684  0:000  Using FirmwareFeatures from clover: 0xE00FE137
1:684  0:000  Using FirmwareFeaturesMask from clover: 0xFF1FFF3F
1:684  0:000  Using PlatformFeature from clover: 0x1
1:684  0:000  Board-ID set from config as Mac-031B6874CF7F642A
1:684  0:000  BoardType: 0xA
1:684  0:000  ChassisType: 0x13
1:717  0:032  === [ ScanVolumes ] =======================================
1:717  0:000  Found 11 volumes with blockIO
1:717  0:000  - [00]: Volume: PciRoot(0x0)\Pci(0x1F,0x2)\Sata(0x3,0xFFFF,0x0)
1:718  0:000  - [01]: Volume: PciRoot(0x0)\Pci(0x1F,0x2)\Sata(0x4,0xFFFF,0x0)
1:718  0:000          Result of bootcode detection: bootable unknown (legacy)
1:718  0:000  - [02]: Volume: PciRoot(0x0)\Pci(0x1F,0x2)\Sata(0x3,0xFFFF,0x0)\HD(1,GPT,3B85B032-CDE4-47F2-8310-9D52F96997B1,0x28,0x64000)
1:719  0:000          Result of bootcode detection: bootable unknown (legacy)
1:725  0:005          This is SelfVolume !!
1:725  0:000  - [03]: Volume: PciRoot(0x0)\Pci(0x1F,0x2)\Sata(0x3,0xFFFF,0x0)\HD(2,GPT,F429D17A-8FE8-45F2-B15F-6F8555407E00,0x64028,0x1AD55D88)
1:725  0:000          Result of bootcode detection: bootable unknown (legacy)
1:725  0:000  - [04]: Volume: PciRoot(0x0)\Pci(0x1F,0x2)\Sata(0x3,0xFFFF,0x0)\HD(3,GPT,B2DAFDCA-47C7-4352-A5B0-BC918F3E7C1B,0x1ADB9DB0,0x112A6D8)
1:726  0:000  - [05]: Volume: PciRoot(0x0)\Pci(0x1F,0x2)\Sata(0x4,0xFFFF,0x0)\HD(1,MBR,0x2BD2C32A,0x800,0x32000)
1:726  0:000          Result of bootcode detection: bootable Windows (vista,win)
1:746  0:019  - [06]: Volume: PciRoot(0x0)\Pci(0x1F,0x2)\Sata(0x4,0xFFFF,0x0)\HD(2,MBR,0x2BD2C32A,0x32800,0xC31D800)
1:746  0:000          Result of bootcode detection: bootable Windows (vista,win)
1:747  0:000  - [07]: Volume: PciRoot(0x0)\Pci(0x1F,0x2)\Sata(0x4,0xFFFF,0x0)\HD(3,MBR,0x2BD2C32A,0xC350000,0x186A0000)
1:748  0:000  - [08]: Volume: PciRoot(0x0)\Pci(0x1F,0x2)\Sata(0x4,0xFFFF,0x0)\HD(4,MBR,0x2BD2C32A,0x249F0000,0x4FD16800)
1:748  0:000  - [09]: Volume: PciRoot(0x0)\Pci(0x1F,0x2)\Sata(0x4,0xFFFF,0x0)\HD(4,MBR,0x2BD2C32A,0x249F0000,0x4FD16800)\HD(1,MBR,0x00000000,0x249F0800,0x4E98E000)
1:749  0:000  - [10]: Volume: PciRoot(0x0)\Pci(0x1F,0x2)\Sata(0x4,0xFFFF,0x0)\HD(4,MBR,0x2BD2C32A,0x249F0000,0x4FD16800)\HD(2,MBR,0x00000000,0x7337F000,0x1387800)
1:749  0:000  === [ InitTheme ] =========================================
1:751  0:001  Using theme 'BootCamp' (EFI\CLOVER\themes\BootCamp)
1:753  0:002  Loading font from ThemeDir: Success
1:754  0:000  Choosing theme BootCamp
1:754  0:000  after NVRAM boot-args=dart=0 npci=0x2000 kext-dev-mode=1
1:754  0:000  === [ Dump SMC keys from NVRAM ] ==========================
1:754  0:000  found AppleSMC protocol
1:767  0:013  Registered 25 SMC keys
1:768  0:001  === [ ScanLoader ] ========================================
1:768  0:000  - [02]: 'EFI'
1:769  0:000  - [04]: 'Sierra Custom Installer'
1:770  0:001          AddLoaderEntry for Volume Name=Sierra Custom Installer
1:773  0:002      Check if volume Is Hibernated:
1:773  0:000      Check sleep image 'by signature':
1:774  0:001      using default sleep image name = \private\var\vm\sleepimage
1:776  0:001      sleepimage not found -> Not Found
1:776  0:000      hibernated: no - sign
1:795  0:018  - [05]: 'ûßÝY'
1:795  0:000  - [06]: ''
1:795  0:000  - [07]: 'MacOS'
1:825  0:029          AddLoaderEntry for Volume Name=MacOS
1:831  0:006      Check if volume Is Hibernated:
1:831  0:000      Check sleep image 'by signature':
1:885  0:054      read prefs \Library\Preferences\SystemConfiguration\com.apple.PowerManagement.plist status=Success
1:886  0:000      SleepImage name from pref: ImageVolume = 'MacOS', ImageName = '\private\var\vm\sleepimage'
1:930  0:044      sleepimage not found -> Not Found
1:930  0:000      hibernated: no - sign
1:931  0:001  - [09]: 'Time Machine Backups'
1:932  0:000  - [10]: 'El Capitan Custom Installer'
1:958  0:026          AddLoaderEntry for Volume Name=El Capitan Custom Installer
1:981  0:022      Check if volume Is Hibernated:
1:981  0:000      Check sleep image 'by signature':
2:019  0:037      using default sleep image name = \private\var\vm\sleepimage
2:050  0:031      sleepimage not found -> Not Found
2:050  0:000      hibernated: no - sign
2:051  0:001  === [ AddCustomTool ] =====================================
2:055  0:003  found tool \EFI\CLOVER\tools\Shell64U.efi
2:055  0:000  Checking EFI partition Volume 2 for Clover
2:056  0:000   Found Clover
2:059  0:003  === [ GetEfiBootDeviceFromNvram ] =========================
2:059  0:000   - efi-boot-device-data: PciRoot(0x0)\Pci(0x1F,0x2)\Sata(0x3,0x0,0x0)\HD(2,GPT,F429D17A-8FE8-45F2-B15F-6F8555407E00,0x64028,0x1AD55D88)\VenMedia(BE74FCF7-0B7C-49F3-9147-01F4042E6842,0AE6688DCC45FE49A2E15435595C7D33)\FF62B737-32CC-39DD-9BC6-01583BA82A6B\System\Library\CoreServices\boot.efii
2:059  0:000    - Volume: 'PciRoot(0x0)\Pci(0x1F,0x2)\Sata(0x3,0x0,0x0)\HD(2,GPT,F429D17A-8FE8-45F2-B15F-6F8555407E00,0x64028,0x1AD55D88)\VenMedia(BE74FCF7-0B7C-49F3-9147-01F4042E6842,0AE6688DCC45FE49A2E15435595C7D33)'
2:059  0:000    - LoaderPath: '\FF62B737-32CC-39DD-9BC6-01583BA82A6B\System\Library\CoreServices\boot.efi'
2:059  0:000    - Guid = F429D17A-8FE8-45F2-B15F-6F8555407E00
2:059  0:000  === [ FindStartupDiskVolume ] =============================
2:059  0:000    - Volume: partition = PciRoot(0x0)\Pci(0x1F,0x2)\Sata(0x3,0x0,0x0)\HD(2,GPT,F429D17A-8FE8-45F2-B15F-6F8555407E00,0x64028,0x1AD55D88)\VenMedia(BE74FCF7-0B7C-49F3-9147-01F4042E6842,0AE6688DCC45FE49A2E15435595C7D33)
2:059  0:000     - searching for that partition and loader '\FF62B737-32CC-39DD-9BC6-01583BA82A6B\System\Library\CoreServices\boot.efi'
2:059  0:000      - [!] not found
2:059  0:000     - searching again, but comparing Media dev path nodes
2:059  0:000      - [!] not found
2:059  0:000     - searching for that partition
2:059  0:000      - [!] not found
2:059  0:000     - searching again, but comparing Media dev path nodes
2:059  0:000      - [!] not found
2:059  0:000  Default boot entry not found
2:059  0:000  DefaultIndex=-1 and MainMenu.EntryCount=9
2:059  0:000  banner file not read
2:157  0:098  GUI ready
9:857  7:700  ReinitSelfLib after theme change
9:857  0:000  reinit: self device path=PciRoot(0x0)\Pci(0x1F,0x2)\Sata(0x3,0xFFFF,0x0)\HD(1,GPT,3B85B032-CDE4-47F2-8310-9D52F96997B1,0x28,0x64000)
9:857  0:000  === [ ScanVolumes ] =======================================
9:857  0:000  Found 11 volumes with blockIO
9:857  0:000  - [00]: Volume: PciRoot(0x0)\Pci(0x1F,0x2)\Sata(0x3,0xFFFF,0x0)
9:858  0:000  - [01]: Volume: PciRoot(0x0)\Pci(0x1F,0x2)\Sata(0x4,0xFFFF,0x0)
9:876  0:018          Result of bootcode detection: bootable unknown (legacy)
9:876  0:000  - [02]: Volume: PciRoot(0x0)\Pci(0x1F,0x2)\Sata(0x3,0xFFFF,0x0)\HD(1,GPT,3B85B032-CDE4-47F2-8310-9D52F96997B1,0x28,0x64000)
9:877  0:000          Result of bootcode detection: bootable unknown (legacy)
9:877  0:000          This is SelfVolume !!
9:877  0:000  - [03]: Volume: PciRoot(0x0)\Pci(0x1F,0x2)\Sata(0x3,0xFFFF,0x0)\HD(2,GPT,F429D17A-8FE8-45F2-B15F-6F8555407E00,0x64028,0x1AD55D88)
9:878  0:000          Result of bootcode detection: bootable unknown (legacy)
9:878  0:000  - [04]: Volume: PciRoot(0x0)\Pci(0x1F,0x2)\Sata(0x3,0xFFFF,0x0)\HD(3,GPT,B2DAFDCA-47C7-4352-A5B0-BC918F3E7C1B,0x1ADB9DB0,0x112A6D8)
9:878  0:000  - [05]: Volume: PciRoot(0x0)\Pci(0x1F,0x2)\Sata(0x4,0xFFFF,0x0)\HD(1,MBR,0x2BD2C32A,0x800,0x32000)
9:881  0:002          Result of bootcode detection: bootable Windows (vista,win)
9:881  0:000  - [06]: Volume: PciRoot(0x0)\Pci(0x1F,0x2)\Sata(0x4,0xFFFF,0x0)\HD(2,MBR,0x2BD2C32A,0x32800,0xC31D800)
9:887  0:006          Result of bootcode detection: bootable Windows (vista,win)
9:887  0:000  - [07]: Volume: PciRoot(0x0)\Pci(0x1F,0x2)\Sata(0x4,0xFFFF,0x0)\HD(3,MBR,0x2BD2C32A,0xC350000,0x186A0000)
9:900  0:012  - [08]: Volume: PciRoot(0x0)\Pci(0x1F,0x2)\Sata(0x4,0xFFFF,0x0)\HD(4,MBR,0x2BD2C32A,0x249F0000,0x4FD16800)
9:916  0:016  - [09]: Volume: PciRoot(0x0)\Pci(0x1F,0x2)\Sata(0x4,0xFFFF,0x0)\HD(4,MBR,0x2BD2C32A,0x249F0000,0x4FD16800)\HD(1,MBR,0x00000000,0x249F0800,0x4E98E000)
9:922  0:005  - [10]: Volume: PciRoot(0x0)\Pci(0x1F,0x2)\Sata(0x4,0xFFFF,0x0)\HD(4,MBR,0x2BD2C32A,0x249F0000,0x4FD16800)\HD(2,MBR,0x00000000,0x7337F000,0x1387800)
9:945  0:023  Choosing theme BootCamp
9:945  0:000  after NVRAM boot-args=dart=0 npci=0x2000 kext-dev-mode=1
9:945  0:000  === [ ScanLoader ] ========================================
9:945  0:000  - [02]: 'EFI'
9:945  0:000  - [04]: 'Sierra Custom Installer'
9:945  0:000          AddLoaderEntry for Volume Name=Sierra Custom Installer
9:946  0:000      Check if volume Is Hibernated:
9:946  0:000      Check sleep image 'by signature':
9:946  0:000      using default sleep image name = \private\var\vm\sleepimage
9:946  0:000      sleepimage not found -> Not Found
9:946  0:000      hibernated: no - sign
9:947  0:001  - [05]: 'ûßÝY'
9:947  0:000  - [06]: ''
9:947  0:000  - [07]: 'MacOS'
9:948  0:000          AddLoaderEntry for Volume Name=MacOS
9:948  0:000      Check if volume Is Hibernated:
9:948  0:000      Check sleep image 'by signature':
9:948  0:000      read prefs \Library\Preferences\SystemConfiguration\com.apple.PowerManagement.plist status=Success
9:948  0:000      SleepImage name from pref: ImageVolume = 'MacOS', ImageName = '\private\var\vm\sleepimage'
9:948  0:000      sleepimage not found -> Not Found
9:948  0:000      hibernated: no - sign
9:949  0:001  - [09]: 'Time Machine Backups'
9:950  0:000  - [10]: 'El Capitan Custom Installer'
9:950  0:000          AddLoaderEntry for Volume Name=El Capitan Custom Installer
9:950  0:000      Check if volume Is Hibernated:
9:950  0:000      Check sleep image 'by signature':
9:950  0:000      using default sleep image name = \private\var\vm\sleepimage
9:950  0:000      sleepimage not found -> Not Found
9:950  0:000      hibernated: no - sign
9:952  0:001  === [ AddCustomTool ] =====================================
9:952  0:000  found tool \EFI\CLOVER\tools\Shell64U.efi
9:952  0:000  Checking EFI partition Volume 2 for Clover
9:952  0:000   Found Clover
9:952  0:000  === [ GetEfiBootDeviceFromNvram ] =========================
9:952  0:000  === [ FindStartupDiskVolume ] =============================
9:952  0:000    - Volume: partition = PciRoot(0x0)\Pci(0x1F,0x2)\Sata(0x3,0x0,0x0)\HD(2,GPT,F429D17A-8FE8-45F2-B15F-6F8555407E00,0x64028,0x1AD55D88)\VenMedia(BE74FCF7-0B7C-49F3-9147-01F4042E6842,0AE6688DCC45FE49A2E15435595C7D33)
9:952  0:000     - searching for that partition and loader '\FF62B737-32CC-39DD-9BC6-01583BA82A6B\System\Library\CoreServices\boot.efi'
9:952  0:000      - [!] not found
9:952  0:000     - searching again, but comparing Media dev path nodes
9:952  0:000      - [!] not found
9:952  0:000     - searching for that partition
9:952  0:000      - [!] not found
9:952  0:000     - searching again, but comparing Media dev path nodes
9:952  0:000      - [!] not found
9:952  0:000  Default boot entry not found
9:952  0:000  DefaultIndex=-1 and MainMenu.EntryCount=9
9:952  0:000  banner file not read
11:193  1:241  ReinitSelfLib after theme change
11:193  0:000  reinit: self device path=PciRoot(0x0)\Pci(0x1F,0x2)\Sata(0x3,0xFFFF,0x0)\HD(1,GPT,3B85B032-CDE4-47F2-8310-9D52F96997B1,0x28,0x64000)
11:193  0:000  === [ ScanVolumes ] =======================================
11:193  0:000  Found 11 volumes with blockIO
11:193  0:000  - [00]: Volume: PciRoot(0x0)\Pci(0x1F,0x2)\Sata(0x3,0xFFFF,0x0)
11:194  0:000  - [01]: Volume: PciRoot(0x0)\Pci(0x1F,0x2)\Sata(0x4,0xFFFF,0x0)
11:194  0:000          Result of bootcode detection: bootable unknown (legacy)
11:194  0:000  - [02]: Volume: PciRoot(0x0)\Pci(0x1F,0x2)\Sata(0x3,0xFFFF,0x0)\HD(1,GPT,3B85B032-CDE4-47F2-8310-9D52F96997B1,0x28,0x64000)
11:195  0:000          Result of bootcode detection: bootable unknown (legacy)
11:195  0:000          This is SelfVolume !!
11:195  0:000  - [03]: Volume: PciRoot(0x0)\Pci(0x1F,0x2)\Sata(0x3,0xFFFF,0x0)\HD(2,GPT,F429D17A-8FE8-45F2-B15F-6F8555407E00,0x64028,0x1AD55D88)
11:195  0:000          Result of bootcode detection: bootable unknown (legacy)
11:195  0:000  - [04]: Volume: PciRoot(0x0)\Pci(0x1F,0x2)\Sata(0x3,0xFFFF,0x0)\HD(3,GPT,B2DAFDCA-47C7-4352-A5B0-BC918F3E7C1B,0x1ADB9DB0,0x112A6D8)
11:196  0:000  - [05]: Volume: PciRoot(0x0)\Pci(0x1F,0x2)\Sata(0x4,0xFFFF,0x0)\HD(1,MBR,0x2BD2C32A,0x800,0x32000)
11:196  0:000          Result of bootcode detection: bootable Windows (vista,win)
11:196  0:000  - [06]: Volume: PciRoot(0x0)\Pci(0x1F,0x2)\Sata(0x4,0xFFFF,0x0)\HD(2,MBR,0x2BD2C32A,0x32800,0xC31D800)
11:197  0:000          Result of bootcode detection: bootable Windows (vista,win)
11:197  0:000  - [07]: Volume: PciRoot(0x0)\Pci(0x1F,0x2)\Sata(0x4,0xFFFF,0x0)\HD(3,MBR,0x2BD2C32A,0xC350000,0x186A0000)
11:198  0:000  - [08]: Volume: PciRoot(0x0)\Pci(0x1F,0x2)\Sata(0x4,0xFFFF,0x0)\HD(4,MBR,0x2BD2C32A,0x249F0000,0x4FD16800)
11:198  0:000  - [09]: Volume: PciRoot(0x0)\Pci(0x1F,0x2)\Sata(0x4,0xFFFF,0x0)\HD(4,MBR,0x2BD2C32A,0x249F0000,0x4FD16800)\HD(1,MBR,0x00000000,0x249F0800,0x4E98E000)
11:199  0:000  - [10]: Volume: PciRoot(0x0)\Pci(0x1F,0x2)\Sata(0x4,0xFFFF,0x0)\HD(4,MBR,0x2BD2C32A,0x249F0000,0x4FD16800)\HD(2,MBR,0x00000000,0x7337F000,0x1387800)
11:199  0:000  Choosing theme BootCamp
11:199  0:000  after NVRAM boot-args=dart=0 npci=0x2000 kext-dev-mode=1
11:199  0:000  === [ ScanLoader ] ========================================
11:199  0:000  - [02]: 'EFI'
11:199  0:000  - [04]: 'Sierra Custom Installer'
11:199  0:000          AddLoaderEntry for Volume Name=Sierra Custom Installer
11:200  0:000      Check if volume Is Hibernated:
11:200  0:000      Check sleep image 'by signature':
11:200  0:000      using default sleep image name = \private\var\vm\sleepimage
11:200  0:000      sleepimage not found -> Not Found
11:200  0:000      hibernated: no - sign
11:202  0:001  - [05]: 'ûßÝY'
11:202  0:000  - [06]: ''
11:202  0:000  - [07]: 'MacOS'
11:202  0:000          AddLoaderEntry for Volume Name=MacOS
11:202  0:000      Check if volume Is Hibernated:
11:202  0:000      Check sleep image 'by signature':
11:202  0:000      read prefs \Library\Preferences\SystemConfiguration\com.apple.PowerManagement.plist status=Success
11:202  0:000      SleepImage name from pref: ImageVolume = 'MacOS', ImageName = '\private\var\vm\sleepimage'
11:202  0:000      sleepimage not found -> Not Found
11:202  0:000      hibernated: no - sign
11:204  0:001  - [09]: 'Time Machine Backups'
11:204  0:000  - [10]: 'El Capitan Custom Installer'
11:204  0:000          AddLoaderEntry for Volume Name=El Capitan Custom Installer
11:204  0:000      Check if volume Is Hibernated:
11:204  0:000      Check sleep image 'by signature':
11:205  0:000      using default sleep image name = \private\var\vm\sleepimage
11:205  0:000      sleepimage not found -> Not Found
11:205  0:000      hibernated: no - sign
11:206  0:001  === [ AddCustomTool ] =====================================
11:206  0:000  found tool \EFI\CLOVER\tools\Shell64U.efi
11:206  0:000  Checking EFI partition Volume 2 for Clover
11:206  0:000   Found Clover
11:206  0:000  === [ GetEfiBootDeviceFromNvram ] =========================
11:206  0:000  === [ FindStartupDiskVolume ] =============================
11:206  0:000    - Volume: partition = PciRoot(0x0)\Pci(0x1F,0x2)\Sata(0x3,0x0,0x0)\HD(2,GPT,F429D17A-8FE8-45F2-B15F-6F8555407E00,0x64028,0x1AD55D88)\VenMedia(BE74FCF7-0B7C-49F3-9147-01F4042E6842,0AE6688DCC45FE49A2E15435595C7D33)
11:206  0:000     - searching for that partition and loader '\FF62B737-32CC-39DD-9BC6-01583BA82A6B\System\Library\CoreServices\boot.efi'
11:206  0:000      - [!] not found
11:206  0:000     - searching again, but comparing Media dev path nodes
11:206  0:000      - [!] not found
11:206  0:000     - searching for that partition
11:206  0:000      - [!] not found
11:206  0:000     - searching again, but comparing Media dev path nodes
11:206  0:000      - [!] not found
11:206  0:000  Default boot entry not found
11:206  0:000  DefaultIndex=-1 and MainMenu.EntryCount=9
11:206  0:000  banner file not read
17:042  5:835  banner file not read
19:777  2:735  banner file not read
19:977  0:200  banner file not read
24:705  4:727  banner file not read
25:185  0:479  ReinitSelfLib after theme change
25:185  0:000  reinit: self device path=PciRoot(0x0)\Pci(0x1F,0x2)\Sata(0x3,0xFFFF,0x0)\HD(1,GPT,3B85B032-CDE4-47F2-8310-9D52F96997B1,0x28,0x64000)
25:185  0:000  === [ ScanVolumes ] =======================================
25:185  0:000  Found 11 volumes with blockIO
25:185  0:000  - [00]: Volume: PciRoot(0x0)\Pci(0x1F,0x2)\Sata(0x3,0xFFFF,0x0)
25:186  0:000  - [01]: Volume: PciRoot(0x0)\Pci(0x1F,0x2)\Sata(0x4,0xFFFF,0x0)
25:186  0:000          Result of bootcode detection: bootable unknown (legacy)
25:186  0:000  - [02]: Volume: PciRoot(0x0)\Pci(0x1F,0x2)\Sata(0x3,0xFFFF,0x0)\HD(1,GPT,3B85B032-CDE4-47F2-8310-9D52F96997B1,0x28,0x64000)
25:187  0:000          Result of bootcode detection: bootable unknown (legacy)
25:187  0:000          This is SelfVolume !!
25:187  0:000  - [03]: Volume: PciRoot(0x0)\Pci(0x1F,0x2)\Sata(0x3,0xFFFF,0x0)\HD(2,GPT,F429D17A-8FE8-45F2-B15F-6F8555407E00,0x64028,0x1AD55D88)
25:187  0:000          Result of bootcode detection: bootable unknown (legacy)
25:187  0:000  - [04]: Volume: PciRoot(0x0)\Pci(0x1F,0x2)\Sata(0x3,0xFFFF,0x0)\HD(3,GPT,B2DAFDCA-47C7-4352-A5B0-BC918F3E7C1B,0x1ADB9DB0,0x112A6D8)
25:188  0:000  - [05]: Volume: PciRoot(0x0)\Pci(0x1F,0x2)\Sata(0x4,0xFFFF,0x0)\HD(1,MBR,0x2BD2C32A,0x800,0x32000)
25:188  0:000          Result of bootcode detection: bootable Windows (vista,win)
25:188  0:000  - [06]: Volume: PciRoot(0x0)\Pci(0x1F,0x2)\Sata(0x4,0xFFFF,0x0)\HD(2,MBR,0x2BD2C32A,0x32800,0xC31D800)
25:189  0:000          Result of bootcode detection: bootable Windows (vista,win)
25:189  0:000  - [07]: Volume: PciRoot(0x0)\Pci(0x1F,0x2)\Sata(0x4,0xFFFF,0x0)\HD(3,MBR,0x2BD2C32A,0xC350000,0x186A0000)
25:190  0:000  - [08]: Volume: PciRoot(0x0)\Pci(0x1F,0x2)\Sata(0x4,0xFFFF,0x0)\HD(4,MBR,0x2BD2C32A,0x249F0000,0x4FD16800)
25:190  0:000  - [09]: Volume: PciRoot(0x0)\Pci(0x1F,0x2)\Sata(0x4,0xFFFF,0x0)\HD(4,MBR,0x2BD2C32A,0x249F0000,0x4FD16800)\HD(1,MBR,0x00000000,0x249F0800,0x4E98E000)
25:191  0:000  - [10]: Volume: PciRoot(0x0)\Pci(0x1F,0x2)\Sata(0x4,0xFFFF,0x0)\HD(4,MBR,0x2BD2C32A,0x249F0000,0x4FD16800)\HD(2,MBR,0x00000000,0x7337F000,0x1387800)
25:191  0:000  Choosing theme BootCamp
25:191  0:000  after NVRAM boot-args=dart=0 npci=0x2000 kext-dev-mode=1
25:191  0:000  === [ ScanLoader ] ========================================
25:191  0:000  - [02]: 'EFI'
25:191  0:000  - [04]: 'Sierra Custom Installer'
25:192  0:000          AddLoaderEntry for Volume Name=Sierra Custom Installer
25:192  0:000      Check if volume Is Hibernated:
25:192  0:000      Check sleep image 'by signature':
25:192  0:000      using default sleep image name = \private\var\vm\sleepimage
25:192  0:000      sleepimage not found -> Not Found
25:192  0:000      hibernated: no - sign
25:194  0:001  - [05]: 'ûßÝY'
25:194  0:000  - [06]: ''
25:194  0:000  - [07]: 'MacOS'
25:194  0:000          AddLoaderEntry for Volume Name=MacOS
25:194  0:000      Check if volume Is Hibernated:
25:194  0:000      Check sleep image 'by signature':
25:194  0:000      read prefs \Library\Preferences\SystemConfiguration\com.apple.PowerManagement.plist status=Success
25:194  0:000      SleepImage name from pref: ImageVolume = 'MacOS', ImageName = '\private\var\vm\sleepimage'
25:194  0:000      sleepimage not found -> Not Found
25:194  0:000      hibernated: no - sign
25:196  0:001  - [09]: 'Time Machine Backups'
25:196  0:000  - [10]: 'El Capitan Custom Installer'
25:196  0:000          AddLoaderEntry for Volume Name=El Capitan Custom Installer
25:196  0:000      Check if volume Is Hibernated:
25:196  0:000      Check sleep image 'by signature':
25:197  0:000      using default sleep image name = \private\var\vm\sleepimage
25:197  0:000      sleepimage not found -> Not Found
25:197  0:000      hibernated: no - sign
25:198  0:001  === [ AddCustomTool ] =====================================
25:198  0:000  found tool \EFI\CLOVER\tools\Shell64U.efi
25:198  0:000  Checking EFI partition Volume 2 for Clover
25:198  0:000   Found Clover
25:198  0:000  === [ GetEfiBootDeviceFromNvram ] =========================
25:198  0:000  === [ FindStartupDiskVolume ] =============================
25:198  0:000    - Volume: partition = PciRoot(0x0)\Pci(0x1F,0x2)\Sata(0x3,0x0,0x0)\HD(2,GPT,F429D17A-8FE8-45F2-B15F-6F8555407E00,0x64028,0x1AD55D88)\VenMedia(BE74FCF7-0B7C-49F3-9147-01F4042E6842,0AE6688DCC45FE49A2E15435595C7D33)
25:198  0:000     - searching for that partition and loader '\FF62B737-32CC-39DD-9BC6-01583BA82A6B\System\Library\CoreServices\boot.efi'
25:198  0:000      - [!] not found
25:198  0:000     - searching again, but comparing Media dev path nodes
25:198  0:000      - [!] not found
25:198  0:000     - searching for that partition
25:198  0:000      - [!] not found
25:198  0:000     - searching again, but comparing Media dev path nodes
25:198  0:000      - [!] not found
25:198  0:000  Default boot entry not found
25:198  0:000  DefaultIndex=-1 and MainMenu.EntryCount=9
25:198  0:000  banner file not read
25:665  0:467  ReinitSelfLib after theme change
25:665  0:000  reinit: self device path=PciRoot(0x0)\Pci(0x1F,0x2)\Sata(0x3,0xFFFF,0x0)\HD(1,GPT,3B85B032-CDE4-47F2-8310-9D52F96997B1,0x28,0x64000)
25:665  0:000  === [ ScanVolumes ] =======================================
25:665  0:000  Found 11 volumes with blockIO
25:665  0:000  - [00]: Volume: PciRoot(0x0)\Pci(0x1F,0x2)\Sata(0x3,0xFFFF,0x0)
25:666  0:000  - [01]: Volume: PciRoot(0x0)\Pci(0x1F,0x2)\Sata(0x4,0xFFFF,0x0)
25:666  0:000          Result of bootcode detection: bootable unknown (legacy)
25:666  0:000  - [02]: Volume: PciRoot(0x0)\Pci(0x1F,0x2)\Sata(0x3,0xFFFF,0x0)\HD(1,GPT,3B85B032-CDE4-47F2-8310-9D52F96997B1,0x28,0x64000)
25:667  0:000          Result of bootcode detection: bootable unknown (legacy)
25:667  0:000          This is SelfVolume !!
25:667  0:000  - [03]: Volume: PciRoot(0x0)\Pci(0x1F,0x2)\Sata(0x3,0xFFFF,0x0)\HD(2,GPT,F429D17A-8FE8-45F2-B15F-6F8555407E00,0x64028,0x1AD55D88)
25:667  0:000          Result of bootcode detection: bootable unknown (legacy)
25:667  0:000  - [04]: Volume: PciRoot(0x0)\Pci(0x1F,0x2)\Sata(0x3,0xFFFF,0x0)\HD(3,GPT,B2DAFDCA-47C7-4352-A5B0-BC918F3E7C1B,0x1ADB9DB0,0x112A6D8)
25:668  0:000  - [05]: Volume: PciRoot(0x0)\Pci(0x1F,0x2)\Sata(0x4,0xFFFF,0x0)\HD(1,MBR,0x2BD2C32A,0x800,0x32000)
25:669  0:000          Result of bootcode detection: bootable Windows (vista,win)
25:669  0:000  - [06]: Volume: PciRoot(0x0)\Pci(0x1F,0x2)\Sata(0x4,0xFFFF,0x0)\HD(2,MBR,0x2BD2C32A,0x32800,0xC31D800)
25:669  0:000          Result of bootcode detection: bootable Windows (vista,win)
25:669  0:000  - [07]: Volume: PciRoot(0x0)\Pci(0x1F,0x2)\Sata(0x4,0xFFFF,0x0)\HD(3,MBR,0x2BD2C32A,0xC350000,0x186A0000)
25:670  0:000  - [08]: Volume: PciRoot(0x0)\Pci(0x1F,0x2)\Sata(0x4,0xFFFF,0x0)\HD(4,MBR,0x2BD2C32A,0x249F0000,0x4FD16800)
25:670  0:000  - [09]: Volume: PciRoot(0x0)\Pci(0x1F,0x2)\Sata(0x4,0xFFFF,0x0)\HD(4,MBR,0x2BD2C32A,0x249F0000,0x4FD16800)\HD(1,MBR,0x00000000,0x249F0800,0x4E98E000)
25:671  0:000  - [10]: Volume: PciRoot(0x0)\Pci(0x1F,0x2)\Sata(0x4,0xFFFF,0x0)\HD(4,MBR,0x2BD2C32A,0x249F0000,0x4FD16800)\HD(2,MBR,0x00000000,0x7337F000,0x1387800)
25:671  0:000  Choosing theme BootCamp
25:671  0:000  after NVRAM boot-args=dart=0 npci=0x2000 kext-dev-mode=1
25:671  0:000  === [ ScanLoader ] ========================================
25:671  0:000  - [02]: 'EFI'
25:672  0:000  - [04]: 'Sierra Custom Installer'
25:672  0:000          AddLoaderEntry for Volume Name=Sierra Custom Installer
25:672  0:000      Check if volume Is Hibernated:
25:672  0:000      Check sleep image 'by signature':
25:672  0:000      using default sleep image name = \private\var\vm\sleepimage
25:672  0:000      sleepimage not found -> Not Found
25:672  0:000      hibernated: no - sign
25:674  0:001  - [05]: 'ûßÝY'
25:674  0:000  - [06]: ''
25:674  0:000  - [07]: 'MacOS'
25:674  0:000          AddLoaderEntry for Volume Name=MacOS
25:674  0:000      Check if volume Is Hibernated:
25:674  0:000      Check sleep image 'by signature':
25:674  0:000      read prefs \Library\Preferences\SystemConfiguration\com.apple.PowerManagement.plist status=Success
25:674  0:000      SleepImage name from pref: ImageVolume = 'MacOS', ImageName = '\private\var\vm\sleepimage'
25:674  0:000      sleepimage not found -> Not Found
25:674  0:000      hibernated: no - sign
25:676  0:001  - [09]: 'Time Machine Backups'
25:676  0:000  - [10]: 'El Capitan Custom Installer'
25:676  0:000          AddLoaderEntry for Volume Name=El Capitan Custom Installer
25:676  0:000      Check if volume Is Hibernated:
25:676  0:000      Check sleep image 'by signature':
25:677  0:000      using default sleep image name = \private\var\vm\sleepimage
25:677  0:000      sleepimage not found -> Not Found
25:677  0:000      hibernated: no - sign
25:678  0:001  === [ AddCustomTool ] =====================================
25:678  0:000  found tool \EFI\CLOVER\tools\Shell64U.efi
25:678  0:000  Checking EFI partition Volume 2 for Clover
25:678  0:000   Found Clover
25:678  0:000  === [ GetEfiBootDeviceFromNvram ] =========================
25:678  0:000  === [ FindStartupDiskVolume ] =============================
25:678  0:000    - Volume: partition = PciRoot(0x0)\Pci(0x1F,0x2)\Sata(0x3,0x0,0x0)\HD(2,GPT,F429D17A-8FE8-45F2-B15F-6F8555407E00,0x64028,0x1AD55D88)\VenMedia(BE74FCF7-0B7C-49F3-9147-01F4042E6842,0AE6688DCC45FE49A2E15435595C7D33)
25:678  0:000     - searching for that partition and loader '\FF62B737-32CC-39DD-9BC6-01583BA82A6B\System\Library\CoreServices\boot.efi'
25:678  0:000      - [!] not found
25:678  0:000     - searching again, but comparing Media dev path nodes
25:678  0:000      - [!] not found
25:678  0:000     - searching for that partition
25:678  0:000      - [!] not found
25:678  0:000     - searching again, but comparing Media dev path nodes
25:678  0:000      - [!] not found
25:678  0:000  Default boot entry not found
25:678  0:000  DefaultIndex=-1 and MainMenu.EntryCount=9
25:678  0:000  banner file not read
28:417  2:739  banner file not read
31:361  2:944   boot with args: dart=0 npci=0x2000 kext-dev-mode=1 -v 
31:361  0:000  Boot option Boot0000 not found
31:361  0:000  === [ StartLoader ] =======================================
31:361  0:000  Finally: ExternalClock=24MHz BusSpeed=99768kHz CPUFreq=-4294964103MHz PIS: hw.busfrequency=96000000Hz
31:361  0:000  Loading boot.efi  status=Success
31:465  0:103  GetOSVersion: 10.11.6 (15G31)
31:465  0:000  CSR_CFG: CSR_ALLOW_UNTRUSTED_KEXTS | CSR_ALLOW_UNRESTRICTED_FS
31:465  0:000  Will not patch boot.efi
31:465  0:000  === [ PatchSmbios ] =======================================
31:465  0:000  insert table 9 for dev 0:0
31:465  0:000  insert table 9 for dev 0:1
31:465  0:000  insert table 9 for dev 0:0
31:465  0:000  insert table 9 for dev 0:0
31:466  0:000  Channels: 1
31:466  0:000  Interleave: 0 1 2 3 4 5 6 7 8 9 10 11 12 13 14 15 16 17 18 19 20 21 22 23
31:466  0:000  SMBIOS Type 17 Index = 0 => 0 0:
31:466  0:000  BANK 0 DIMM0 1600MHz 4096MB
31:466  0:000  SMBIOS Type 17 Index = 1 => 1 1:
31:466  0:000  BANK 0 DIMM1 1600MHz 4096MB
31:466  0:000  SMBIOS Type 17 Index = 2 => 2 2:
31:466  0:000  BANK 0 DIMM2 EMPTY
31:466  0:000  SMBIOS Type 17 Index = 3 => 3 3:
31:466  0:000  BANK 0 DIMM3 EMPTY
31:466  0:000  mTotalSystemMemory = 8192
31:466  0:000  NumberOfMemoryDevices = 4
31:466  0:000  Type20[0]->End = 0x3FFFFF, Type17[0] = 0x1000
31:466  0:000  Type20[1]->End = 0x7FFFFF, Type17[1] = 0x3000
31:466  0:000  Table 131 is present, CPUType=35
31:466  0:000  Change to: 605
31:466  0:000  === [ PatchACPI ] =========================================
31:466  0:000  Xsdt reallocation done
31:466  0:000  old FADT length=10C
31:466  0:000   SignatureFixup: 0xF2D50904 -> 0x0
31:466  0:000  Found OperationRegion(GNVS, SystemMemory, DDB03C18, ...)
31:466  0:000  Found OperationRegion(MCHT, SystemMemory, FED10000, ...)
31:466  0:000  Found OperationRegion(RCRB, SystemMemory, FED1C000, ...)
31:466  0:000  Found OperationRegion(MCA1, SystemMemory, F7FE0000, ...)
31:466  0:000  Found OperationRegion(MCA1, SystemMemory, F7FE0000, ...)
31:466  0:000  Found OperationRegion(CPSB, SystemMemory, DD8B4E18, ...)
31:466  0:000  Found OperationRegion(RAMW, SystemMemory, DDAEE018, ...)
31:466  0:000  Apply DsdtFixMask=0x10000000
31:466  0:000     drop _DSM mask=0xFFFF
31:466  0:000  === [ FixBiosDsdt ] =======================================
31:466  0:000  VideoCard devID=0xFC610DE
31:466  0:000  DisplayADR1[0] = 0x10000, DisplayADR2[0] = 0x0
31:466  0:000  USBADR[0] = 0x140000 and PCIe = 0xFFFE
31:466  0:000  USBADR[1] = 0x1A0000 and PCIe = 0xFFFE
31:571  0:104  Found Airport Atheros at 0x1C0001, 0x0, DeviceID=0x002A
31:571  0:000  USBADR[2] = 0x1D0000 and PCIe = 0xFFFE
31:572  0:000  first CPU found at 7E8F offset 7E93
31:572  0:000  score candidate at 7E8B
31:572  0:000  score inserted in acpi_cpu_score _PR_
31:572  0:000  Found ACPI CPU: CPU0 | CPU1 | CPU2 | CPU3 | CPU4 | CPU5 | CPU6 | CPU7 , within the score: _PR_
31:572  0:000  Found PCIROOTUID = 0
31:572  0:000    indirect name=SRCB
31:572  0:000    indirect name=SRMB
31:572  0:000    indirect name=SRMB
31:572  0:000    indirect name=RAMB
31:572  0:000  PreCleanup XSDT: count=11, length=124
31:572  0:000  PreCleanup XSDT, corrected XSDT: count=11, length=124
31:572  0:000  === [ ACPIDropTables ] ====================================
31:572  0:000  === [ PatchAllSSDT ] ======================================
31:572  0:000  CPUBase=0 and ApicCPUBase=1 ApicCPUNum=4
31:572  0:000  Cleanup XSDT: count=11, length=124
31:572  0:000  corrected XSDT count=11, length=124
31:572  0:000  === [ RestSetup macOS ] ===================================
31:572  0:000  EdidDiscovered size=128
31:572  0:000  --- Discovered EDID Table size:128
31:572  0:000  000  |  00  FF  FF  FF  FF  FF  FF  00  10  AC
31:572  0:000  010  |  56  D0  54  34  55  30  2B  17  01  03
31:572  0:000  020  |  80  30  1B  78  EA  16  C5  A4  56  50
31:572  0:000  030  |  9F  26  12  50  54  A5  4B  00  71  4F
31:572  0:000  040  |  81  80  D1  C0  01  01  01  01  01  01
31:572  0:000  050  |  01  01  01  01  02  3A  80  18  71  38
31:572  0:000  060  |  2D  40  58  2C  45  00  DC  0B  11  00
31:572  0:000  070  |  00  1E  00  00  00  FF  00  34  46  59
31:572  0:000  080  |  59  58  33  41  4E  30  55  34  54  0A
31:572  0:000  090  |  00  00  00  FC  00  44  45  4C  4C  20
31:572  0:000  100  |  53  32  32  34  30  4D  0A  20  00  00
31:572  0:000  110  |  00  FD  00  38  4C  1E  53  11  00  0A
31:572  0:000  120  |  20  20  20  20  20  20  00  F7
31:572  0:000  mem_detected 1024Mb
31:572  0:000  read_nVidia_ROM
31:572  0:000  Using PRAMIN fixups
31:716  0:144  PROM
31:946  0:229  ERROR: Unable to locate nVidia Video BIOS
31:946  0:000   there are no ROM loaded and no VBIOS read from hardware
31:946  0:000  nVidia Colorful GeForce GTX 650  1024MB NVE7 [10DE:0FC6] :: PciRoot(0x0)\Pci(0x1,0x0)\Pci(0x0,0x0) => device #1
31:946  0:000  Nvidia: VideoPorts: undefined, default to: 2
31:946  0:000  NVidia: NvidiaSingle :: skip injecting other then first card
32:051  0:104   codec not detected
32:051  0:000  stringlength = 550
32:051  0:000  CurrentMode: Width=1920 Height=1080
32:051  0:000  Beginning FSInjection
FSInjectionInstall ...
- Our FSI_SIMPLE_FILE_SYSTEM_PROTOCOL installed on handle: D1D1DA18
FSInjectionInstall ...
- Our FSI_SIMPLE_FILE_SYSTEM_PROTOCOL installed on handle: D1D1DA18
32:057  0:006  Use origin smbios table type 1 guid.
32:062  0:004  Preparing kexts injection for arch=x86_64 from EFI\CLOVER\kexts\Other
32:062  0:000  Extra kext: EFI\CLOVER\kexts\Other\Lilu.kext (v.1.2.3)
32:065  0:003  Extra kext: EFI\CLOVER\kexts\Other\NvidiaGraphicsFixup.kext (v.1.2.2)
32:067  0:002  Extra kext: EFI\CLOVER\kexts\Other\RealtekRTL8111.kext (v.1.2.3)
32:072  0:004  Extra kext: EFI\CLOVER\kexts\Other\NullCPUPowerManagement.kext (v.1.0.0d2)
32:075  0:002  Extra kext: EFI\CLOVER\kexts\Other\FakeSMC.kext (v.3.4.1)
32:079  0:004  Extra kext: EFI\CLOVER\kexts\Other\AppleIntelE1000e.kext (v.3.2.4)
32:081  0:001  Failed to load extra kext (executable not found): EFI\CLOVER\kexts\Other\AppleIntelE1000e.kext
32:081  0:000  Preparing kexts injection for arch=x86_64 from EFI\CLOVER\kexts\10.11
32:081  0:000  Extra kext: EFI\CLOVER\kexts\10.11\RealtekRTL8111.kext (v.1.2.3)
32:088  0:006  Extra kext: EFI\CLOVER\kexts\10.11\AppleIntelE1000e.kext (v.3.2.4)
32:090  0:002  Failed to load extra kext (executable not found): EFI\CLOVER\kexts\10.11\AppleIntelE1000e.kext
32:090  0:000  Extra kext: EFI\CLOVER\kexts\10.11\NullCPUPowerManagement.kext (v.1.0.0d2)
32:094  0:003  Extra kext: EFI\CLOVER\kexts\10.11\FakeSMC.kext (v.3.4.1)
32:101  0:006  Custom boot screen not used because entry has unset use graphics
32:102  0:000  Closing log
